[INFO] Error stacktraces are turned on.
[INFO] Scanning for projects...
[INFO] 
[INFO] ----------------< com.template.plugin:plugin-template >-----------------
[INFO] Building PluginTemplate 1.0.0-SNAPSHOT
[INFO]   from pom.xml
[INFO] --------------------------------[ jar ]---------------------------------
[INFO] 
[INFO] --- clean:3.2.0:clean (default-clean) @ plugin-template ---
[INFO] Deleting C:\Users\FoxOS_User\Documents\teste-plugin\plugin-template\target
[INFO] 
[INFO] --- resources:3.3.1:resources (default-resources) @ plugin-template ---
[INFO] Copying 2 resources from src\main\resources to target\classes
[INFO] 
[INFO] --- compiler:3.8.1:compile (default-compile) @ plugin-template ---
[INFO] Changes detected - recompiling the module!
[INFO] Compiling 54 source files to C:\Users\FoxOS_User\Documents\teste-plugin\plugin-template\target\classes
[INFO] /C:/Users/FoxOS_User/Documents/teste-plugin/plugin-template/src/main/java/com/template/plugin/services/visual/impl/SimpleScoreboardService.java: C:\Users\FoxOS_User\Documents\teste-plugin\plugin-template\src\main\java\com\template\plugin\services\visual\impl\SimpleScoreboardService.java uses or overrides a deprecated API.
[INFO] /C:/Users/FoxOS_User/Documents/teste-plugin/plugin-template/src/main/java/com/template/plugin/services/visual/impl/SimpleScoreboardService.java: Recompile with -Xlint:deprecation for details.
[INFO] /C:/Users/FoxOS_User/Documents/teste-plugin/plugin-template/src/main/java/com/template/plugin/services/ServiceManager.java: Some input files use unchecked or unsafe operations.
[INFO] /C:/Users/FoxOS_User/Documents/teste-plugin/plugin-template/src/main/java/com/template/plugin/services/ServiceManager.java: Recompile with -Xlint:unchecked for details.
[INFO] 
[INFO] --- resources:3.3.1:testResources (default-testResources) @ plugin-template ---
[INFO] skip non existing resourceDirectory C:\Users\FoxOS_User\Documents\teste-plugin\plugin-template\src\test\resources
[INFO] 
[INFO] --- compiler:3.8.1:testCompile (default-testCompile) @ plugin-template ---
[INFO] No sources to compile
[INFO] 
[INFO] --- surefire:3.2.5:test (default-test) @ plugin-template ---
[INFO] Tests are skipped.
[INFO] 
[INFO] --- jar:3.4.1:jar (default-jar) @ plugin-template ---
[INFO] Building jar: C:\Users\FoxOS_User\Documents\teste-plugin\plugin-template\target\plugin-template-1.0.0-SNAPSHOT.jar
[INFO] 
[INFO] --- shade:3.2.4:shade (default) @ plugin-template ---
[INFO] Replacing original artifact with shaded artifact.
[INFO] Replacing C:\Users\FoxOS_User\Documents\teste-plugin\plugin-template\target\plugin-template-1.0.0-SNAPSHOT.jar with C:\Users\FoxOS_User\Documents\teste-plugin\plugin-template\target\plugin-template-1.0.0-SNAPSHOT-shaded.jar
[INFO] ------------------------------------------------------------------------
[INFO] BUILD SUCCESS
[INFO] ------------------------------------------------------------------------
[INFO] Total time:  1.594 s
[INFO] Finished at: 2026-01-26T03:52:27-03:00
[INFO] ------------------------------------------------------------------------
