[INFO] Scanning for projects...
[INFO] 
[INFO] ----------------< com.template.plugin:plugin-template >-----------------
[INFO] Building PluginTemplate 1.0.0-SNAPSHOT
[INFO]   from pom.xml
[INFO] --------------------------------[ jar ]---------------------------------
[INFO] 
[INFO] --- clean:3.2.0:clean (default-clean) @ plugin-template ---
[INFO] Deleting C:\Users\FoxOS_User\Documents\teste-plugin\plugin-template\target
[INFO] 
[INFO] --- resources:3.3.1:resources (default-resources) @ plugin-template ---
[INFO] Copying 2 resources from src\main\resources to target\classes
[INFO] 
[INFO] --- compiler:3.8.1:compile (default-compile) @ plugin-template ---
[INFO] Changes detected - recompiling the module!
[INFO] Compiling 54 source files to C:\Users\FoxOS_User\Documents\teste-plugin\plugin-template\target\classes
[INFO] /C:/Users/FoxOS_User/Documents/teste-plugin/plugin-template/src/main/java/com/template/plugin/services/visual/impl/SimpleScoreboardService.java: C:\Users\FoxOS_User\Documents\teste-plugin\plugin-template\src\main\java\com\template\plugin\services\visual\impl\SimpleScoreboardService.java uses or overrides a deprecated API.
[INFO] /C:/Users/FoxOS_User/Documents/teste-plugin/plugin-template/src/main/java/com/template/plugin/services/visual/impl/SimpleScoreboardService.java: Recompile with -Xlint:deprecation for details.
[INFO] /C:/Users/FoxOS_User/Documents/teste-plugin/plugin-template/src/main/java/com/template/plugin/services/ServiceManager.java: Some input files use unchecked or unsafe operations.
[INFO] /C:/Users/FoxOS_User/Documents/teste-plugin/plugin-template/src/main/java/com/template/plugin/services/ServiceManager.java: Recompile with -Xlint:unchecked for details.
[INFO] Some messages have been simplified; recompile with -Xdiags:verbose to get full output
[INFO] -------------------------------------------------------------
[ERROR] COMPILATION ERROR : 
[INFO] -------------------------------------------------------------
[ERROR] /C:/Users/FoxOS_User/Documents/teste-plugin/plugin-template/src/main/java/com/template/plugin/utils/Menu.java:[3,47] package com.template.plugin.services.interfaces does not exist
[ERROR] /C:/Users/FoxOS_User/Documents/teste-plugin/plugin-template/src/main/java/com/template/plugin/utils/Menu.java:[9,50] package IGuiService does not exist
[ERROR] /C:/Users/FoxOS_User/Documents/teste-plugin/plugin-template/src/main/java/com/template/plugin/services/core/impl/UserServiceImpl.java:[7,47] package com.template.plugin.services.interfaces does not exist
[ERROR] /C:/Users/FoxOS_User/Documents/teste-plugin/plugin-template/src/main/java/com/template/plugin/services/core/impl/UserServiceImpl.java:[19,41] cannot find symbol
  symbol: class IUserService
[ERROR] /C:/Users/FoxOS_User/Documents/teste-plugin/plugin-template/src/main/java/com/template/plugin/listeners/GuiListener.java:[3,47] package com.template.plugin.services.interfaces does not exist
[ERROR] /C:/Users/FoxOS_User/Documents/teste-plugin/plugin-template/src/main/java/com/template/plugin/services/core/impl/UserServiceImpl.java:[19,8] duplicate class: com.template.plugin.services.impl.UserServiceImpl
[ERROR] /C:/Users/FoxOS_User/Documents/teste-plugin/plugin-template/src/main/java/com/template/plugin/AppContext.java:[46,72] cannot access com.template.plugin.services.core.impl.UserServiceImpl
  bad source file: C:\Users\FoxOS_User\Documents\teste-plugin\plugin-template\src\main\java\com\template\plugin\services\core\impl\UserServiceImpl.java
    file does not contain class com.template.plugin.services.core.impl.UserServiceImpl
    Please remove or make sure it appears in the correct subdirectory of the sourcepath.
[ERROR] /C:/Users/FoxOS_User/Documents/teste-plugin/plugin-template/src/main/java/com/template/plugin/utils/Menu.java:[14,32] no suitable method found for createInventory(com.template.plugin.utils.Menu,int,java.lang.String)
    method org.bukkit.Bukkit.createInventory(org.bukkit.inventory.InventoryHolder,org.bukkit.event.inventory.InventoryType,java.lang.String) is not applicable
      (argument mismatch; com.template.plugin.utils.Menu cannot be converted to org.bukkit.inventory.InventoryHolder)
    method org.bukkit.Bukkit.createInventory(org.bukkit.inventory.InventoryHolder,int,java.lang.String) is not applicable
      (argument mismatch; com.template.plugin.utils.Menu cannot be converted to org.bukkit.inventory.InventoryHolder)
[ERROR] /C:/Users/FoxOS_User/Documents/teste-plugin/plugin-template/src/main/java/com/template/plugin/utils/Menu.java:[17,5] method does not override or implement a method from a supertype
[ERROR] /C:/Users/FoxOS_User/Documents/teste-plugin/plugin-template/src/main/java/com/template/plugin/utils/Menu.java:[22,5] method does not override or implement a method from a supertype
[ERROR] /C:/Users/FoxOS_User/Documents/teste-plugin/plugin-template/src/main/java/com/template/plugin/utils/Menu.java:[26,5] method does not override or implement a method from a supertype
[ERROR] /C:/Users/FoxOS_User/Documents/teste-plugin/plugin-template/src/main/java/com/template/plugin/utils/Menu.java:[30,5] method does not override or implement a method from a supertype
[ERROR] /C:/Users/FoxOS_User/Documents/teste-plugin/plugin-template/src/main/java/com/template/plugin/services/core/impl/UserServiceImpl.java:[25,5] method does not override or implement a method from a supertype
[ERROR] /C:/Users/FoxOS_User/Documents/teste-plugin/plugin-template/src/main/java/com/template/plugin/services/core/impl/UserServiceImpl.java:[33,5] method does not override or implement a method from a supertype
[ERROR] /C:/Users/FoxOS_User/Documents/teste-plugin/plugin-template/src/main/java/com/template/plugin/services/core/impl/UserServiceImpl.java:[39,5] method does not override or implement a method from a supertype
[ERROR] /C:/Users/FoxOS_User/Documents/teste-plugin/plugin-template/src/main/java/com/template/plugin/services/core/impl/UserServiceImpl.java:[48,5] method does not override or implement a method from a supertype
[ERROR] /C:/Users/FoxOS_User/Documents/teste-plugin/plugin-template/src/main/java/com/template/plugin/services/core/impl/UserServiceImpl.java:[53,5] method does not override or implement a method from a supertype
[ERROR] /C:/Users/FoxOS_User/Documents/teste-plugin/plugin-template/src/main/java/com/template/plugin/services/core/impl/UserServiceImpl.java:[61,5] method does not override or implement a method from a supertype
[ERROR] /C:/Users/FoxOS_User/Documents/teste-plugin/plugin-template/src/main/java/com/template/plugin/listeners/GuiListener.java:[21,42] package IGuiService does not exist
[ERROR] /C:/Users/FoxOS_User/Documents/teste-plugin/plugin-template/src/main/java/com/template/plugin/listeners/GuiListener.java:[22,26] package IGuiService does not exist
[ERROR] /C:/Users/FoxOS_User/Documents/teste-plugin/plugin-template/src/main/java/com/template/plugin/listeners/GuiListener.java:[32,42] package IGuiService does not exist
[ERROR] /C:/Users/FoxOS_User/Documents/teste-plugin/plugin-template/src/main/java/com/template/plugin/listeners/GuiListener.java:[33,26] package IGuiService does not exist
[INFO] 22 errors 
[INFO] -------------------------------------------------------------
[INFO] ------------------------------------------------------------------------
[INFO] BUILD FAILURE
[INFO] ------------------------------------------------------------------------
[INFO] Total time:  1.063 s
[INFO] Finished at: 2026-01-26T03:50:37-03:00
[INFO] ------------------------------------------------------------------------
[ERROR] Failed to execute goal org.apache.maven.plugins:maven-compiler-plugin:3.8.1:compile (default-compile) on project plugin-template: Compilation failure: Compilation failure: 
[ERROR] /C:/Users/FoxOS_User/Documents/teste-plugin/plugin-template/src/main/java/com/template/plugin/utils/Menu.java:[3,47] package com.template.plugin.services.interfaces does not exist
[ERROR] /C:/Users/FoxOS_User/Documents/teste-plugin/plugin-template/src/main/java/com/template/plugin/utils/Menu.java:[9,50] package IGuiService does not exist
[ERROR] /C:/Users/FoxOS_User/Documents/teste-plugin/plugin-template/src/main/java/com/template/plugin/services/core/impl/UserServiceImpl.java:[7,47] package com.template.plugin.services.interfaces does not exist
[ERROR] /C:/Users/FoxOS_User/Documents/teste-plugin/plugin-template/src/main/java/com/template/plugin/services/core/impl/UserServiceImpl.java:[19,41] cannot find symbol
[ERROR]   symbol: class IUserService
[ERROR] /C:/Users/FoxOS_User/Documents/teste-plugin/plugin-template/src/main/java/com/template/plugin/listeners/GuiListener.java:[3,47] package com.template.plugin.services.interfaces does not exist
[ERROR] /C:/Users/FoxOS_User/Documents/teste-plugin/plugin-template/src/main/java/com/template/plugin/services/core/impl/UserServiceImpl.java:[19,8] duplicate class: com.template.plugin.services.impl.UserServiceImpl
[ERROR] /C:/Users/FoxOS_User/Documents/teste-plugin/plugin-template/src/main/java/com/template/plugin/AppContext.java:[46,72] cannot access com.template.plugin.services.core.impl.UserServiceImpl
[ERROR]   bad source file: C:\Users\FoxOS_User\Documents\teste-plugin\plugin-template\src\main\java\com\template\plugin\services\core\impl\UserServiceImpl.java
[ERROR]     file does not contain class com.template.plugin.services.core.impl.UserServiceImpl
[ERROR]     Please remove or make sure it appears in the correct subdirectory of the sourcepath.
[ERROR] /C:/Users/FoxOS_User/Documents/teste-plugin/plugin-template/src/main/java/com/template/plugin/utils/Menu.java:[14,32] no suitable method found for createInventory(com.template.plugin.utils.Menu,int,java.lang.String)
[ERROR]     method org.bukkit.Bukkit.createInventory(org.bukkit.inventory.InventoryHolder,org.bukkit.event.inventory.InventoryType,java.lang.String) is not applicable
[ERROR]       (argument mismatch; com.template.plugin.utils.Menu cannot be converted to org.bukkit.inventory.InventoryHolder)
[ERROR]     method org.bukkit.Bukkit.createInventory(org.bukkit.inventory.InventoryHolder,int,java.lang.String) is not applicable
[ERROR]       (argument mismatch; com.template.plugin.utils.Menu cannot be converted to org.bukkit.inventory.InventoryHolder)
[ERROR] /C:/Users/FoxOS_User/Documents/teste-plugin/plugin-template/src/main/java/com/template/plugin/utils/Menu.java:[17,5] method does not override or implement a method from a supertype
[ERROR] /C:/Users/FoxOS_User/Documents/teste-plugin/plugin-template/src/main/java/com/template/plugin/utils/Menu.java:[22,5] method does not override or implement a method from a supertype
[ERROR] /C:/Users/FoxOS_User/Documents/teste-plugin/plugin-template/src/main/java/com/template/plugin/utils/Menu.java:[26,5] method does not override or implement a method from a supertype
[ERROR] /C:/Users/FoxOS_User/Documents/teste-plugin/plugin-template/src/main/java/com/template/plugin/utils/Menu.java:[30,5] method does not override or implement a method from a supertype
[ERROR] /C:/Users/FoxOS_User/Documents/teste-plugin/plugin-template/src/main/java/com/template/plugin/services/core/impl/UserServiceImpl.java:[25,5] method does not override or implement a method from a supertype
[ERROR] /C:/Users/FoxOS_User/Documents/teste-plugin/plugin-template/src/main/java/com/template/plugin/services/core/impl/UserServiceImpl.java:[33,5] method does not override or implement a method from a supertype
[ERROR] /C:/Users/FoxOS_User/Documents/teste-plugin/plugin-template/src/main/java/com/template/plugin/services/core/impl/UserServiceImpl.java:[39,5] method does not override or implement a method from a supertype
[ERROR] /C:/Users/FoxOS_User/Documents/teste-plugin/plugin-template/src/main/java/com/template/plugin/services/core/impl/UserServiceImpl.java:[48,5] method does not override or implement a method from a supertype
[ERROR] /C:/Users/FoxOS_User/Documents/teste-plugin/plugin-template/src/main/java/com/template/plugin/services/core/impl/UserServiceImpl.java:[53,5] method does not override or implement a method from a supertype
[ERROR] /C:/Users/FoxOS_User/Documents/teste-plugin/plugin-template/src/main/java/com/template/plugin/services/core/impl/UserServiceImpl.java:[61,5] method does not override or implement a method from a supertype
[ERROR] /C:/Users/FoxOS_User/Documents/teste-plugin/plugin-template/src/main/java/com/template/plugin/listeners/GuiListener.java:[21,42] package IGuiService does not exist
[ERROR] /C:/Users/FoxOS_User/Documents/teste-plugin/plugin-template/src/main/java/com/template/plugin/listeners/GuiListener.java:[22,26] package IGuiService does not exist
[ERROR] /C:/Users/FoxOS_User/Documents/teste-plugin/plugin-template/src/main/java/com/template/plugin/listeners/GuiListener.java:[32,42] package IGuiService does not exist
[ERROR] /C:/Users/FoxOS_User/Documents/teste-plugin/plugin-template/src/main/java/com/template/plugin/listeners/GuiListener.java:[33,26] package IGuiService does not exist
[ERROR] -> [Help 1]
[ERROR] 
[ERROR] To see the full stack trace of the errors, re-run Maven with the -e switch.
[ERROR] Re-run Maven using the -X switch to enable full debug logging.
[ERROR] 
[ERROR] For more information about the errors and possible solutions, please read the following articles:
[ERROR] [Help 1] http://cwiki.apache.org/confluence/display/MAVEN/MojoFailureException
